<?xml version="1.0" encoding="UTF-8"?>
<!-- Generated by org.testng.reporters.JUnitReportReporter -->
<testsuite hostname="priyaranjan" failures="0" tests="1" name="test.logincltlogout" time="9.953" errors="0" timestamp="2022-04-30T21:41:16 IST" skipped="0">
  <testcase classname="test.logincltlogout" name="lcltl" time="9.953"/>
  <system-out/>
</testsuite> <!-- test.logincltlogout -->
