<?xml version="1.0" encoding="UTF-8"?>
<!-- Generated by org.testng.reporters.JUnitReportReporter -->
<testsuite hostname="priyaranjan" failures="0" tests="1" name="test.logincclogout" time="14.108" errors="0" timestamp="2022-04-30T21:30:09 IST" skipped="0">
  <testcase classname="test.logincclogout" name="logincclogout1" time="14.108"/>
  <system-out/>
</testsuite> <!-- test.logincclogout -->
