<?xml version="1.0" encoding="UTF-8"?>
<!-- Generated by org.testng.reporters.JUnitReportReporter -->
<testsuite hostname="priyaranjan" failures="0" tests="1" name="test.loginctowlogout" time="16.225" errors="0" timestamp="2022-04-30T21:30:09 IST" skipped="0">
  <testcase classname="test.loginctowlogout" name="lctowl" time="16.225"/>
  <system-out/>
</testsuite> <!-- test.loginctowlogout -->
